 I J M_lda_ij SD_lda_ij M_omega_ij SD_omega_ij
    1     1     17.26974865      1.36865620      0.08095288      0.00748370
    1     2     -0.26498106      0.69749599      0.02087579      0.00586444
    1     3     -0.66275049      0.63047901      0.01731181      0.00589305
    1     4     -0.83739710      0.59888522      0.01990491      0.00606925
    1     5     -1.04127498      0.47430707      0.03058915      0.00701737
    1     6      0.54848198      0.73627610     -0.01096527      0.00527156
    1     7     -2.62610488      0.91023036      0.01388678      0.00488491
    1     8     -4.85746434      0.81003918      0.02808170      0.00572937
    1     9     -0.85662330      0.68559876      0.02419613      0.00623081
    1    10     -1.29035596      0.84145223      0.01746224      0.00561434
    1    11      0.80995462      0.89312846     -0.00245296      0.00507989
    1    12      4.15373603      1.07076972     -0.01679578      0.00471798
    2     1     -0.26498106      0.69749599      0.02087579      0.00586444
    2     2     14.19030139      0.84168471      0.11635821      0.00900375
    2     3     -3.23250294      0.54381581      0.05745741      0.00695924
    2     4     -0.91364052      0.47264376      0.01764058      0.00683553
    2     5      0.27245173      0.36281376      0.01311533      0.00747499
    2     6      0.77043828      0.62543124     -0.01218868      0.00636101
    2     7     -2.81281656      0.82530941      0.02315468      0.00600641
    2     8     -0.38031903      0.58482045      0.01094247      0.00605048
    2     9     -3.98985669      0.59955980      0.06081819      0.00749234
    2    10     -2.14229697      0.62981068      0.04356415      0.00657757
    2    11     -0.34724817      0.74824006      0.00217714      0.00626978
    2    12      0.84477425      0.82565675     -0.00477987      0.00576807
    3     1     -0.66275049      0.63047901      0.01731181      0.00589305
    3     2     -3.23250294      0.54381581      0.05745741      0.00695924
    3     3     12.63671668      0.70287061      0.12666512      0.00865557
    3     4      0.88835641      0.45804414      0.00323623      0.00651001
    3     5      0.44902112      0.32221720      0.00292358      0.00715519
    3     6      1.36075210      0.53290329     -0.01586304      0.00584252
    3     7     -0.11416633      0.73186779      0.01665343      0.00563217
    3     8      0.27523472      0.52490971      0.00323194      0.00559723
    3     9     -2.99930573      0.51503458      0.05797267      0.00710733
    3    10     -3.72704106      0.57661997      0.04971618      0.00650605
    3    11     -0.12010780      0.65551957     -0.00147685      0.00577709
    3    12     -1.30235075      0.70867550      0.00112979      0.00545537
    4     1     -0.83739710      0.59888522      0.01990491      0.00606925
    4     2     -0.91364052      0.47264376      0.01764058      0.00683553
    4     3      0.88835641      0.45804414      0.00323623      0.00651001
    4     4     10.88707767      0.60906600      0.11966540      0.00923339
    4     5     -1.54283098      0.30808184      0.04396400      0.00795220
    4     6     -0.24532493      0.52884288      0.01522412      0.00677424
    4     7      1.31156400      0.67115074      0.00172942      0.00579259
    4     8     -2.73731363      0.50369842      0.03514531      0.00647031
    4     9     -1.21202874      0.46111433      0.02397934      0.00703765
    4    10     -0.38087229      0.57091484      0.01160922      0.00626522
    4    11     -1.98934686      0.62704836      0.02363909      0.00636893
    4    12      0.32627737      0.71029809      0.00191822      0.00597889
    5     1     -1.04127498      0.47430707      0.03058915      0.00701737
    5     2      0.27245173      0.36281376      0.01311533      0.00747499
    5     3      0.44902112      0.32221720      0.00292358      0.00715519
    5     4     -1.54283098      0.30808184      0.04396400      0.00795220
    5     5      7.11424323      0.36235806      0.17746857      0.01247710
    5     6      0.06744796      0.41669296      0.00544266      0.00703200
    5     7     -0.98424183      0.47748605      0.01287318      0.00627173
    5     8     -2.51586198      0.37568167      0.04321756      0.00700866
    5     9     -0.60432030      0.33396903      0.02294954      0.00731964
    5    10     -0.17681414      0.40095312      0.01118235      0.00674839
    5    11     -0.34273871      0.46341860      0.01402158      0.00659347
    5    12      0.73830188      0.54970990     -0.00542860      0.00642438
    6     1      0.54848198      0.73627610     -0.01096527      0.00527156
    6     2      0.77043828      0.62543124     -0.01218868      0.00636101
    6     3      1.36075210      0.53290329     -0.01586304      0.00584252
    6     4     -0.24532493      0.52884288      0.01522412      0.00677424
    6     5      0.06744796      0.41669296      0.00544266      0.00703200
    6     6     16.09336283      0.85924731      0.11252578      0.00814517
    6     7      0.37988801      0.83193589      0.00094051      0.00527490
    6     8     -0.32843117      0.64125857      0.01404381      0.00572793
    6     9      0.40584415      0.56920452     -0.00917041      0.00632706
    6    10      0.00319753      0.68781046     -0.00407836      0.00565196
    6    11     -9.66327238      0.84385645      0.05874634      0.00662281
    6    12     -4.39205221      0.87798417      0.03811629      0.00597192
    7     1     -2.62610488      0.91023036      0.01388678      0.00488491
    7     2     -2.81281656      0.82530941      0.02315468      0.00600641
    7     3     -0.11416633      0.73186779      0.01665343      0.00563217
    7     4      1.31156400      0.67115074      0.00172942      0.00579259
    7     5     -0.98424183      0.47748605      0.01287318      0.00627173
    7     6      0.37988801      0.83193589      0.00094051      0.00527490
    7     7     19.94988211      1.53770996      0.06056076      0.00634586
    7     8      0.07187123      0.80306623      0.00701829      0.00490001
    7     9      0.04119211      0.74406669      0.01619495      0.00562497
    7    10     -1.82384570      0.85059101      0.01769951      0.00530601
    7    11     -0.48674933      0.98000084      0.00509698      0.00500341
    7    12     -2.74802046      1.05020149      0.00771705      0.00505609
    8     1     -4.85746434      0.81003918      0.02808170      0.00572937
    8     2     -0.38031903      0.58482045      0.01094247      0.00605048
    8     3      0.27523472      0.52490971      0.00323194      0.00559723
    8     4     -2.73731363      0.50369842      0.03514531      0.00647031
    8     5     -2.51586198      0.37568167      0.04321756      0.00700866
    8     6     -0.32843117      0.64125857      0.01404381      0.00572793
    8     7      0.07187123      0.80306623      0.00701829      0.00490001
    8     8     17.30724303      0.89758380      0.08285173      0.00677533
    8     9     -0.61312385      0.57211567      0.01533486      0.00610518
    8    10      1.28808878      0.66279584      0.00460508      0.00541629
    8    11     -2.32922827      0.73971534      0.02012720      0.00524358
    8    12     -1.63071745      0.82215943      0.00611158      0.00507680
    9     1     -0.85662330      0.68559876      0.02419613      0.00623081
    9     2     -3.98985669      0.59955980      0.06081819      0.00749234
    9     3     -2.99930573      0.51503458      0.05797267      0.00710733
    9     4     -1.21202874      0.46111433      0.02397934      0.00703765
    9     5     -0.60432030      0.33396903      0.02294954      0.00731964
    9     6      0.40584415      0.56920452     -0.00917041      0.00632706
    9     7      0.04119211      0.74406669      0.01619495      0.00562497
    9     8     -0.61312385      0.57211567      0.01533486      0.00610518
    9     9     13.96936320      0.73909913      0.12086915      0.00914403
    9    10     -3.45848546      0.64925684      0.04836052      0.00677868
    9    11     -0.43723535      0.69361365      0.00509463      0.00602173
    9    12      0.54715413      0.80640941     -0.00471732      0.00587344
   10     1     -1.29035596      0.84145223      0.01746224      0.00561434
   10     2     -2.14229697      0.62981068      0.04356415      0.00657757
   10     3     -3.72704106      0.57661997      0.04971618      0.00650605
   10     4     -0.38087229      0.57091484      0.01160922      0.00626522
   10     5     -0.17681414      0.40095312      0.01118235      0.00674839
   10     6      0.00319753      0.68781046     -0.00407836      0.00565196
   10     7     -1.82384570      0.85059101      0.01769951      0.00530601
   10     8      1.28808878      0.66279584      0.00460508      0.00541629
   10     9     -3.45848546      0.64925684      0.04836052      0.00677868
   10    10     17.09957615      1.05002812      0.08987940      0.00752860
   10    11     -0.91024067      0.83304537      0.00578857      0.00553208
   10    12     -0.29016491      0.91585600      0.00091047      0.00521999
   11     1      0.80995462      0.89312846     -0.00245296      0.00507989
   11     2     -0.34724817      0.74824006      0.00217714      0.00626978
   11     3     -0.12010780      0.65551957     -0.00147685      0.00577709
   11     4     -1.98934686      0.62704836      0.02363909      0.00636893
   11     5     -0.34273871      0.46341860      0.01402158      0.00659347
   11     6     -9.66327238      0.84385645      0.05874634      0.00662281
   11     7     -0.48674933      0.98000084      0.00509698      0.00500341
   11     8     -2.32922827      0.73971534      0.02012720      0.00524358
   11     9     -0.43723535      0.69361365      0.00509463      0.00602173
   11    10     -0.91024067      0.83304537      0.00578857      0.00553208
   11    11     21.25240576      1.34454638      0.08372409      0.00734923
   11    12     -2.57244129      1.00486437      0.02786474      0.00542623
   12     1      4.15373603      1.07076972     -0.01679578      0.00471798
   12     2      0.84477425      0.82565675     -0.00477987      0.00576807
   12     3     -1.30235075      0.70867550      0.00112979      0.00545537
   12     4      0.32627737      0.71029809      0.00191822      0.00597889
   12     5      0.73830188      0.54970990     -0.00542860      0.00642438
   12     6     -4.39205221      0.87798417      0.03811629      0.00597192
   12     7     -2.74802046      1.05020149      0.00771705      0.00505609
   12     8     -1.63071745      0.82215943      0.00611158      0.00507680
   12     9      0.54715413      0.80640941     -0.00471732      0.00587344
   12    10     -0.29016491      0.91585600      0.00091047      0.00521999
   12    11     -2.57244129      1.00486437      0.02786474      0.00542623
   12    12     18.91021632      1.61244620      0.07380112      0.00670414
